<?xml version="1.0" encoding="UTF-8"?>
<!-- Generated by org.testng.reporters.JUnitXMLReporter -->
<testsuite hostname="harish-Vostro-3558" ignored="0" name="Default test" tests="3" failures="0" timestamp="29 May 2018 20:41:10 GMT" time="14.648" errors="0">
  <testcase name="login" time="11.176" classname="Header.Starter"/>
  <testcase name="pickcampaign" time="0.9" classname="Header.Starter"/>
  <testcase name="report" time="0.179" classname="Header.Starter"/>
</testsuite> <!-- Default test -->
